2017-11-05 08:44:11.086 [background-preinit] INFO  org.hibernate.validator.internal.util.Version - HV000001: Hibernate Validator 5.3.5.Final
2017-11-05 08:44:15.635 [main] INFO  com.boot.web.WebApplicationTests - Starting WebApplicationTests on AndydeMacBook-Pro.local with PID 2990 (started by andy in /Users/andy/chen/web/shareBoot/shareModule/web)
2017-11-05 08:44:15.644 [main] INFO  com.boot.web.WebApplicationTests - No active profile set, falling back to default profiles: default
2017-11-05 08:44:15.686 [main] INFO  org.springframework.web.context.support.GenericWebApplicationContext - Refreshing org.springframework.web.context.support.GenericWebApplicationContext@be68757: startup date [Sun Nov 05 08:44:15 CST 2017]; root of context hierarchy
2017-11-05 08:44:16.604 [main] INFO  org.springframework.data.repository.config.RepositoryConfigurationDelegate - Multiple Spring Data modules found, entering strict repository configuration mode!
2017-11-05 08:44:17.805 [main] INFO  com.boot.config.DruidConfiguration - maxActive------20
2017-11-05 08:44:18.170 [main] INFO  org.springframework.boot.autoconfigure.logging.AutoConfigurationReportLoggingInitializer - 

Error starting ApplicationContext. To display the auto-configuration report re-run your application with 'debug' enabled.
2017-11-05 08:45:56.107 [background-preinit] INFO  org.hibernate.validator.internal.util.Version - HV000001: Hibernate Validator 5.3.5.Final
2017-11-05 08:46:00.740 [main] INFO  com.boot.web.WebApplicationTests - Starting WebApplicationTests on AndydeMacBook-Pro.local with PID 3000 (started by andy in /Users/andy/chen/web/shareBoot/shareModule/web)
2017-11-05 08:46:00.748 [main] INFO  com.boot.web.WebApplicationTests - No active profile set, falling back to default profiles: default
2017-11-05 08:46:00.786 [main] INFO  org.springframework.web.context.support.GenericWebApplicationContext - Refreshing org.springframework.web.context.support.GenericWebApplicationContext@be68757: startup date [Sun Nov 05 08:46:00 CST 2017]; root of context hierarchy
2017-11-05 08:46:01.509 [main] INFO  org.springframework.data.repository.config.RepositoryConfigurationDelegate - Multiple Spring Data modules found, entering strict repository configuration mode!
2017-11-05 08:46:02.518 [main] INFO  com.boot.config.DruidConfiguration - maxActive------20
2017-11-05 08:46:08.856 [main] INFO  org.springframework.web.servlet.mvc.method.annotation.RequestMappingHandlerAdapter - Looking for @ControllerAdvice: org.springframework.web.context.support.GenericWebApplicationContext@be68757: startup date [Sun Nov 05 08:46:00 CST 2017]; root of context hierarchy
2017-11-05 08:46:08.951 [main] INFO  org.springframework.web.servlet.mvc.method.annotation.RequestMappingHandlerMapping - Mapped "{[/error]}" onto public org.springframework.http.ResponseEntity<java.util.Map<java.lang.String, java.lang.Object>> org.springframework.boot.autoconfigure.web.BasicErrorController.error(javax.servlet.http.HttpServletRequest)
2017-11-05 08:46:08.957 [main] INFO  org.springframework.web.servlet.mvc.method.annotation.RequestMappingHandlerMapping - Mapped "{[/error],produces=[text/html]}" onto public org.springframework.web.servlet.ModelAndView org.springframework.boot.autoconfigure.web.BasicErrorController.errorHtml(javax.servlet.http.HttpServletRequest,javax.servlet.http.HttpServletResponse)
2017-11-05 08:46:09.003 [main] INFO  org.springframework.web.servlet.handler.SimpleUrlHandlerMapping - Mapped URL path [/static/resource/**] onto handler of type [class org.springframework.web.servlet.resource.ResourceHttpRequestHandler]
2017-11-05 08:46:09.010 [main] INFO  org.springframework.web.servlet.handler.SimpleUrlHandlerMapping - Mapped URL path [/webjars/**] onto handler of type [class org.springframework.web.servlet.resource.ResourceHttpRequestHandler]
2017-11-05 08:46:09.017 [main] INFO  org.springframework.web.servlet.handler.SimpleUrlHandlerMapping - Mapped URL path [/**] onto handler of type [class org.springframework.web.servlet.resource.ResourceHttpRequestHandler]
2017-11-05 08:46:09.076 [main] INFO  org.springframework.web.servlet.handler.SimpleUrlHandlerMapping - Mapped URL path [/**/favicon.ico] onto handler of type [class org.springframework.web.servlet.resource.ResourceHttpRequestHandler]
2017-11-05 08:46:09.743 [main] INFO  com.boot.web.WebApplicationTests - Started WebApplicationTests in 24.968 seconds (JVM running for 26.046)
2017-11-05 08:46:09.855 [Thread-5] INFO  org.springframework.web.context.support.GenericWebApplicationContext - Closing org.springframework.web.context.support.GenericWebApplicationContext@be68757: startup date [Sun Nov 05 08:46:00 CST 2017]; root of context hierarchy
2017-11-05 08:46:43.754 [background-preinit] INFO  org.hibernate.validator.internal.util.Version - HV000001: Hibernate Validator 5.3.5.Final
2017-11-05 08:46:48.323 [main] INFO  com.boot.web.WebApplicationTests - Starting WebApplicationTests on AndydeMacBook-Pro.local with PID 3003 (started by andy in /Users/andy/chen/web/shareBoot/shareModule/web)
2017-11-05 08:46:48.331 [main] INFO  com.boot.web.WebApplicationTests - No active profile set, falling back to default profiles: default
2017-11-05 08:46:48.363 [main] INFO  org.springframework.web.context.support.GenericWebApplicationContext - Refreshing org.springframework.web.context.support.GenericWebApplicationContext@be68757: startup date [Sun Nov 05 08:46:48 CST 2017]; root of context hierarchy
2017-11-05 08:46:49.107 [main] INFO  org.springframework.data.repository.config.RepositoryConfigurationDelegate - Multiple Spring Data modules found, entering strict repository configuration mode!
2017-11-05 08:46:50.149 [main] INFO  com.boot.config.DruidConfiguration - maxActive------20
2017-11-05 08:46:56.330 [main] INFO  org.springframework.web.servlet.mvc.method.annotation.RequestMappingHandlerAdapter - Looking for @ControllerAdvice: org.springframework.web.context.support.GenericWebApplicationContext@be68757: startup date [Sun Nov 05 08:46:48 CST 2017]; root of context hierarchy
2017-11-05 08:46:56.419 [main] INFO  org.springframework.web.servlet.mvc.method.annotation.RequestMappingHandlerMapping - Mapped "{[/error]}" onto public org.springframework.http.ResponseEntity<java.util.Map<java.lang.String, java.lang.Object>> org.springframework.boot.autoconfigure.web.BasicErrorController.error(javax.servlet.http.HttpServletRequest)
2017-11-05 08:46:56.426 [main] INFO  org.springframework.web.servlet.mvc.method.annotation.RequestMappingHandlerMapping - Mapped "{[/error],produces=[text/html]}" onto public org.springframework.web.servlet.ModelAndView org.springframework.boot.autoconfigure.web.BasicErrorController.errorHtml(javax.servlet.http.HttpServletRequest,javax.servlet.http.HttpServletResponse)
2017-11-05 08:46:56.473 [main] INFO  org.springframework.web.servlet.handler.SimpleUrlHandlerMapping - Mapped URL path [/static/resource/**] onto handler of type [class org.springframework.web.servlet.resource.ResourceHttpRequestHandler]
2017-11-05 08:46:56.478 [main] INFO  org.springframework.web.servlet.handler.SimpleUrlHandlerMapping - Mapped URL path [/webjars/**] onto handler of type [class org.springframework.web.servlet.resource.ResourceHttpRequestHandler]
2017-11-05 08:46:56.484 [main] INFO  org.springframework.web.servlet.handler.SimpleUrlHandlerMapping - Mapped URL path [/**] onto handler of type [class org.springframework.web.servlet.resource.ResourceHttpRequestHandler]
2017-11-05 08:46:56.547 [main] INFO  org.springframework.web.servlet.handler.SimpleUrlHandlerMapping - Mapped URL path [/**/favicon.ico] onto handler of type [class org.springframework.web.servlet.resource.ResourceHttpRequestHandler]
2017-11-05 08:46:57.061 [main] INFO  com.boot.web.WebApplicationTests - Started WebApplicationTests in 24.677 seconds (JVM running for 25.587)
2017-11-05 08:46:57.120 [Thread-5] INFO  org.springframework.web.context.support.GenericWebApplicationContext - Closing org.springframework.web.context.support.GenericWebApplicationContext@be68757: startup date [Sun Nov 05 08:46:48 CST 2017]; root of context hierarchy
2017-11-05 08:48:33.023 [background-preinit] INFO  org.hibernate.validator.internal.util.Version - HV000001: Hibernate Validator 5.3.5.Final
2017-11-05 08:48:37.658 [main] INFO  com.boot.web.WebApplicationTests - Starting WebApplicationTests on AndydeMacBook-Pro.local with PID 3010 (started by andy in /Users/andy/chen/web/shareBoot/shareModule/web)
2017-11-05 08:48:37.666 [main] INFO  com.boot.web.WebApplicationTests - No active profile set, falling back to default profiles: default
2017-11-05 08:48:37.700 [main] INFO  org.springframework.web.context.support.GenericWebApplicationContext - Refreshing org.springframework.web.context.support.GenericWebApplicationContext@be68757: startup date [Sun Nov 05 08:48:37 CST 2017]; root of context hierarchy
2017-11-05 08:48:38.539 [main] INFO  org.springframework.data.repository.config.RepositoryConfigurationDelegate - Multiple Spring Data modules found, entering strict repository configuration mode!
2017-11-05 08:48:39.570 [main] INFO  com.boot.config.DruidConfiguration - maxActive------20
2017-11-05 08:48:45.757 [main] INFO  org.springframework.web.servlet.mvc.method.annotation.RequestMappingHandlerAdapter - Looking for @ControllerAdvice: org.springframework.web.context.support.GenericWebApplicationContext@be68757: startup date [Sun Nov 05 08:48:37 CST 2017]; root of context hierarchy
2017-11-05 08:48:45.842 [main] INFO  org.springframework.web.servlet.mvc.method.annotation.RequestMappingHandlerMapping - Mapped "{[/validtor]}" onto public java.lang.String com.boot.controller.AccountController.validator(com.boot.module.Account,org.springframework.validation.BindingResult)
2017-11-05 08:48:45.849 [main] INFO  org.springframework.web.servlet.mvc.method.annotation.RequestMappingHandlerMapping - Mapped "{[/index]}" onto public java.lang.String com.boot.controller.AccountController.getIndex()
2017-11-05 08:48:45.855 [main] INFO  org.springframework.web.servlet.mvc.method.annotation.RequestMappingHandlerMapping - Mapped "{[/list]}" onto public com.boot.module.Account com.boot.controller.AccountController.getAccounts()
2017-11-05 08:48:45.864 [main] INFO  org.springframework.web.servlet.mvc.method.annotation.RequestMappingHandlerMapping - Mapped "{[/error]}" onto public org.springframework.http.ResponseEntity<java.util.Map<java.lang.String, java.lang.Object>> org.springframework.boot.autoconfigure.web.BasicErrorController.error(javax.servlet.http.HttpServletRequest)
2017-11-05 08:48:45.870 [main] INFO  org.springframework.web.servlet.mvc.method.annotation.RequestMappingHandlerMapping - Mapped "{[/error],produces=[text/html]}" onto public org.springframework.web.servlet.ModelAndView org.springframework.boot.autoconfigure.web.BasicErrorController.errorHtml(javax.servlet.http.HttpServletRequest,javax.servlet.http.HttpServletResponse)
2017-11-05 08:48:45.911 [main] INFO  org.springframework.web.servlet.handler.SimpleUrlHandlerMapping - Mapped URL path [/static/resource/**] onto handler of type [class org.springframework.web.servlet.resource.ResourceHttpRequestHandler]
2017-11-05 08:48:45.917 [main] INFO  org.springframework.web.servlet.handler.SimpleUrlHandlerMapping - Mapped URL path [/webjars/**] onto handler of type [class org.springframework.web.servlet.resource.ResourceHttpRequestHandler]
2017-11-05 08:48:45.923 [main] INFO  org.springframework.web.servlet.handler.SimpleUrlHandlerMapping - Mapped URL path [/**] onto handler of type [class org.springframework.web.servlet.resource.ResourceHttpRequestHandler]
2017-11-05 08:48:45.999 [main] INFO  org.springframework.web.servlet.handler.SimpleUrlHandlerMapping - Mapped URL path [/**/favicon.ico] onto handler of type [class org.springframework.web.servlet.resource.ResourceHttpRequestHandler]
2017-11-05 08:48:46.576 [main] INFO  com.boot.web.WebApplicationTests - Started WebApplicationTests in 24.876 seconds (JVM running for 25.817)
2017-11-05 08:48:46.641 [Thread-5] INFO  org.springframework.web.context.support.GenericWebApplicationContext - Closing org.springframework.web.context.support.GenericWebApplicationContext@be68757: startup date [Sun Nov 05 08:48:37 CST 2017]; root of context hierarchy
2017-11-05 09:08:59.699 [background-preinit] INFO  org.hibernate.validator.internal.util.Version - HV000001: Hibernate Validator 5.3.5.Final
2017-11-05 09:09:04.373 [main] INFO  com.boot.web.WebApplicationTests - Starting WebApplicationTests on AndydeMacBook-Pro.local with PID 3104 (started by andy in /Users/andy/chen/web/shareBoot/shareModule/web)
2017-11-05 09:09:04.381 [main] INFO  com.boot.web.WebApplicationTests - No active profile set, falling back to default profiles: default
2017-11-05 09:09:04.415 [main] INFO  org.springframework.web.context.support.GenericWebApplicationContext - Refreshing org.springframework.web.context.support.GenericWebApplicationContext@38b27cdc: startup date [Sun Nov 05 09:09:04 CST 2017]; root of context hierarchy
2017-11-05 09:09:05.234 [main] INFO  org.springframework.data.repository.config.RepositoryConfigurationDelegate - Multiple Spring Data modules found, entering strict repository configuration mode!
2017-11-05 09:09:06.317 [main] INFO  com.boot.config.DruidConfiguration - maxActive------20
2017-11-05 09:09:12.658 [main] INFO  org.springframework.web.servlet.mvc.method.annotation.RequestMappingHandlerAdapter - Looking for @ControllerAdvice: org.springframework.web.context.support.GenericWebApplicationContext@38b27cdc: startup date [Sun Nov 05 09:09:04 CST 2017]; root of context hierarchy
2017-11-05 09:09:12.750 [main] INFO  org.springframework.web.servlet.mvc.method.annotation.RequestMappingHandlerMapping - Mapped "{[/index]}" onto public java.lang.String com.boot.controller.AccountController.getIndex()
2017-11-05 09:09:12.757 [main] INFO  org.springframework.web.servlet.mvc.method.annotation.RequestMappingHandlerMapping - Mapped "{[/validtor]}" onto public java.lang.String com.boot.controller.AccountController.validator(com.boot.module.Account,org.springframework.validation.BindingResult)
2017-11-05 09:09:12.764 [main] INFO  org.springframework.web.servlet.mvc.method.annotation.RequestMappingHandlerMapping - Mapped "{[/list]}" onto public com.boot.module.Account com.boot.controller.AccountController.getAccounts()
2017-11-05 09:09:12.772 [main] INFO  org.springframework.web.servlet.mvc.method.annotation.RequestMappingHandlerMapping - Mapped "{[/error]}" onto public org.springframework.http.ResponseEntity<java.util.Map<java.lang.String, java.lang.Object>> org.springframework.boot.autoconfigure.web.BasicErrorController.error(javax.servlet.http.HttpServletRequest)
2017-11-05 09:09:12.778 [main] INFO  org.springframework.web.servlet.mvc.method.annotation.RequestMappingHandlerMapping - Mapped "{[/error],produces=[text/html]}" onto public org.springframework.web.servlet.ModelAndView org.springframework.boot.autoconfigure.web.BasicErrorController.errorHtml(javax.servlet.http.HttpServletRequest,javax.servlet.http.HttpServletResponse)
2017-11-05 09:09:12.827 [main] INFO  org.springframework.web.servlet.handler.SimpleUrlHandlerMapping - Mapped URL path [/static/resource/**] onto handler of type [class org.springframework.web.servlet.resource.ResourceHttpRequestHandler]
2017-11-05 09:09:12.832 [main] INFO  org.springframework.web.servlet.handler.SimpleUrlHandlerMapping - Mapped URL path [/webjars/**] onto handler of type [class org.springframework.web.servlet.resource.ResourceHttpRequestHandler]
2017-11-05 09:09:12.838 [main] INFO  org.springframework.web.servlet.handler.SimpleUrlHandlerMapping - Mapped URL path [/**] onto handler of type [class org.springframework.web.servlet.resource.ResourceHttpRequestHandler]
2017-11-05 09:09:12.960 [main] INFO  org.springframework.web.servlet.handler.SimpleUrlHandlerMapping - Mapped URL path [/**/favicon.ico] onto handler of type [class org.springframework.web.servlet.resource.ResourceHttpRequestHandler]
2017-11-05 09:09:13.458 [main] INFO  com.boot.web.WebApplicationTests - Started WebApplicationTests in 25.101 seconds (JVM running for 26.064)
2017-11-05 09:09:13.540 [Thread-5] INFO  org.springframework.web.context.support.GenericWebApplicationContext - Closing org.springframework.web.context.support.GenericWebApplicationContext@38b27cdc: startup date [Sun Nov 05 09:09:04 CST 2017]; root of context hierarchy
2017-11-05 09:36:58.286 [background-preinit] INFO  org.hibernate.validator.internal.util.Version - HV000001: Hibernate Validator 5.3.5.Final
2017-11-05 09:37:02.873 [main] INFO  com.boot.web.WebApplicationTests - Starting WebApplicationTests on AndydeMacBook-Pro.local with PID 3235 (started by andy in /Users/andy/chen/web/shareBoot/shareModule/web)
2017-11-05 09:37:02.881 [main] INFO  com.boot.web.WebApplicationTests - No active profile set, falling back to default profiles: default
2017-11-05 09:37:02.919 [main] INFO  org.springframework.web.context.support.GenericWebApplicationContext - Refreshing org.springframework.web.context.support.GenericWebApplicationContext@479460a6: startup date [Sun Nov 05 09:37:02 CST 2017]; root of context hierarchy
2017-11-05 09:37:03.766 [main] INFO  org.springframework.data.repository.config.RepositoryConfigurationDelegate - Multiple Spring Data modules found, entering strict repository configuration mode!
2017-11-05 09:37:04.902 [main] INFO  com.boot.config.DruidConfiguration - maxActive------20
2017-11-05 09:37:11.160 [main] INFO  org.springframework.web.servlet.mvc.method.annotation.RequestMappingHandlerAdapter - Looking for @ControllerAdvice: org.springframework.web.context.support.GenericWebApplicationContext@479460a6: startup date [Sun Nov 05 09:37:02 CST 2017]; root of context hierarchy
2017-11-05 09:37:11.266 [main] INFO  org.springframework.web.servlet.mvc.method.annotation.RequestMappingHandlerMapping - Mapped "{[/list]}" onto public com.boot.module.Account com.boot.controller.AccountController.getAccounts()
2017-11-05 09:37:11.273 [main] INFO  org.springframework.web.servlet.mvc.method.annotation.RequestMappingHandlerMapping - Mapped "{[/index]}" onto public java.lang.String com.boot.controller.AccountController.getIndex()
2017-11-05 09:37:11.279 [main] INFO  org.springframework.web.servlet.mvc.method.annotation.RequestMappingHandlerMapping - Mapped "{[/validtor]}" onto public java.lang.String com.boot.controller.AccountController.validator(com.boot.module.Account,org.springframework.validation.BindingResult)
2017-11-05 09:37:11.288 [main] INFO  org.springframework.web.servlet.mvc.method.annotation.RequestMappingHandlerMapping - Mapped "{[/error]}" onto public org.springframework.http.ResponseEntity<java.util.Map<java.lang.String, java.lang.Object>> org.springframework.boot.autoconfigure.web.BasicErrorController.error(javax.servlet.http.HttpServletRequest)
2017-11-05 09:37:11.295 [main] INFO  org.springframework.web.servlet.mvc.method.annotation.RequestMappingHandlerMapping - Mapped "{[/error],produces=[text/html]}" onto public org.springframework.web.servlet.ModelAndView org.springframework.boot.autoconfigure.web.BasicErrorController.errorHtml(javax.servlet.http.HttpServletRequest,javax.servlet.http.HttpServletResponse)
2017-11-05 09:37:11.344 [main] INFO  org.springframework.web.servlet.handler.SimpleUrlHandlerMapping - Mapped URL path [/static/resource/**] onto handler of type [class org.springframework.web.servlet.resource.ResourceHttpRequestHandler]
2017-11-05 09:37:11.349 [main] INFO  org.springframework.web.servlet.handler.SimpleUrlHandlerMapping - Mapped URL path [/webjars/**] onto handler of type [class org.springframework.web.servlet.resource.ResourceHttpRequestHandler]
2017-11-05 09:37:11.356 [main] INFO  org.springframework.web.servlet.handler.SimpleUrlHandlerMapping - Mapped URL path [/**] onto handler of type [class org.springframework.web.servlet.resource.ResourceHttpRequestHandler]
2017-11-05 09:37:11.431 [main] INFO  org.springframework.web.servlet.handler.SimpleUrlHandlerMapping - Mapped URL path [/**/favicon.ico] onto handler of type [class org.springframework.web.servlet.resource.ResourceHttpRequestHandler]
2017-11-05 09:37:11.959 [main] INFO  com.boot.web.WebApplicationTests - Started WebApplicationTests in 25.137 seconds (JVM running for 26.135)
2017-11-05 09:37:12.045 [Thread-5] INFO  org.springframework.web.context.support.GenericWebApplicationContext - Closing org.springframework.web.context.support.GenericWebApplicationContext@479460a6: startup date [Sun Nov 05 09:37:02 CST 2017]; root of context hierarchy
2017-11-05 09:40:16.525 [background-preinit] INFO  org.hibernate.validator.internal.util.Version - HV000001: Hibernate Validator 5.3.5.Final
2017-11-05 09:40:21.159 [main] INFO  com.boot.web.WebApplicationTests - Starting WebApplicationTests on AndydeMacBook-Pro.local with PID 3273 (started by andy in /Users/andy/chen/web/shareBoot/shareModule/web)
2017-11-05 09:40:21.167 [main] INFO  com.boot.web.WebApplicationTests - No active profile set, falling back to default profiles: default
2017-11-05 09:40:21.201 [main] INFO  org.springframework.web.context.support.GenericWebApplicationContext - Refreshing org.springframework.web.context.support.GenericWebApplicationContext@479460a6: startup date [Sun Nov 05 09:40:21 CST 2017]; root of context hierarchy
2017-11-05 09:40:21.976 [main] INFO  org.springframework.data.repository.config.RepositoryConfigurationDelegate - Multiple Spring Data modules found, entering strict repository configuration mode!
2017-11-05 09:40:23.131 [main] INFO  com.boot.config.DruidConfiguration - maxActive------20
2017-11-05 09:40:29.411 [main] INFO  org.springframework.web.servlet.mvc.method.annotation.RequestMappingHandlerAdapter - Looking for @ControllerAdvice: org.springframework.web.context.support.GenericWebApplicationContext@479460a6: startup date [Sun Nov 05 09:40:21 CST 2017]; root of context hierarchy
2017-11-05 09:40:29.514 [main] INFO  org.springframework.web.servlet.mvc.method.annotation.RequestMappingHandlerMapping - Mapped "{[/index]}" onto public java.lang.String com.boot.controller.AccountController.getIndex()
2017-11-05 09:40:29.521 [main] INFO  org.springframework.web.servlet.mvc.method.annotation.RequestMappingHandlerMapping - Mapped "{[/validtor]}" onto public java.lang.String com.boot.controller.AccountController.validator(com.boot.module.Account,org.springframework.validation.BindingResult)
2017-11-05 09:40:29.527 [main] INFO  org.springframework.web.servlet.mvc.method.annotation.RequestMappingHandlerMapping - Mapped "{[/list]}" onto public com.boot.module.Account com.boot.controller.AccountController.getAccounts()
2017-11-05 09:40:29.535 [main] INFO  org.springframework.web.servlet.mvc.method.annotation.RequestMappingHandlerMapping - Mapped "{[/error]}" onto public org.springframework.http.ResponseEntity<java.util.Map<java.lang.String, java.lang.Object>> org.springframework.boot.autoconfigure.web.BasicErrorController.error(javax.servlet.http.HttpServletRequest)
2017-11-05 09:40:29.541 [main] INFO  org.springframework.web.servlet.mvc.method.annotation.RequestMappingHandlerMapping - Mapped "{[/error],produces=[text/html]}" onto public org.springframework.web.servlet.ModelAndView org.springframework.boot.autoconfigure.web.BasicErrorController.errorHtml(javax.servlet.http.HttpServletRequest,javax.servlet.http.HttpServletResponse)
2017-11-05 09:40:29.587 [main] INFO  org.springframework.web.servlet.handler.SimpleUrlHandlerMapping - Mapped URL path [/static/resource/**] onto handler of type [class org.springframework.web.servlet.resource.ResourceHttpRequestHandler]
2017-11-05 09:40:29.592 [main] INFO  org.springframework.web.servlet.handler.SimpleUrlHandlerMapping - Mapped URL path [/webjars/**] onto handler of type [class org.springframework.web.servlet.resource.ResourceHttpRequestHandler]
2017-11-05 09:40:29.599 [main] INFO  org.springframework.web.servlet.handler.SimpleUrlHandlerMapping - Mapped URL path [/**] onto handler of type [class org.springframework.web.servlet.resource.ResourceHttpRequestHandler]
2017-11-05 09:40:29.683 [main] INFO  org.springframework.web.servlet.handler.SimpleUrlHandlerMapping - Mapped URL path [/**/favicon.ico] onto handler of type [class org.springframework.web.servlet.resource.ResourceHttpRequestHandler]
2017-11-05 09:40:30.209 [main] INFO  com.boot.web.WebApplicationTests - Started WebApplicationTests in 24.999 seconds (JVM running for 26.262)
2017-11-05 09:40:30.295 [Thread-5] INFO  org.springframework.web.context.support.GenericWebApplicationContext - Closing org.springframework.web.context.support.GenericWebApplicationContext@479460a6: startup date [Sun Nov 05 09:40:21 CST 2017]; root of context hierarchy
2017-11-05 09:42:01.292 [background-preinit] INFO  org.hibernate.validator.internal.util.Version - HV000001: Hibernate Validator 5.3.5.Final
2017-11-05 09:42:05.972 [main] INFO  com.boot.web.WebApplicationTests - Starting WebApplicationTests on AndydeMacBook-Pro.local with PID 3278 (started by andy in /Users/andy/chen/web/shareBoot/shareModule/web)
2017-11-05 09:42:05.980 [main] INFO  com.boot.web.WebApplicationTests - No active profile set, falling back to default profiles: default
2017-11-05 09:42:06.012 [main] INFO  org.springframework.web.context.support.GenericWebApplicationContext - Refreshing org.springframework.web.context.support.GenericWebApplicationContext@479460a6: startup date [Sun Nov 05 09:42:06 CST 2017]; root of context hierarchy
2017-11-05 09:42:06.750 [main] INFO  org.springframework.data.repository.config.RepositoryConfigurationDelegate - Multiple Spring Data modules found, entering strict repository configuration mode!
2017-11-05 09:42:07.821 [main] INFO  com.boot.config.DruidConfiguration - maxActive------20
2017-11-05 09:42:14.072 [main] INFO  org.springframework.web.servlet.mvc.method.annotation.RequestMappingHandlerAdapter - Looking for @ControllerAdvice: org.springframework.web.context.support.GenericWebApplicationContext@479460a6: startup date [Sun Nov 05 09:42:06 CST 2017]; root of context hierarchy
2017-11-05 09:42:14.164 [main] INFO  org.springframework.web.servlet.mvc.method.annotation.RequestMappingHandlerMapping - Mapped "{[/index]}" onto public java.lang.String com.boot.controller.AccountController.getIndex()
2017-11-05 09:42:14.171 [main] INFO  org.springframework.web.servlet.mvc.method.annotation.RequestMappingHandlerMapping - Mapped "{[/validtor]}" onto public java.lang.String com.boot.controller.AccountController.validator(com.boot.module.Account,org.springframework.validation.BindingResult)
2017-11-05 09:42:14.177 [main] INFO  org.springframework.web.servlet.mvc.method.annotation.RequestMappingHandlerMapping - Mapped "{[/list]}" onto public com.boot.module.Account com.boot.controller.AccountController.getAccounts()
2017-11-05 09:42:14.186 [main] INFO  org.springframework.web.servlet.mvc.method.annotation.RequestMappingHandlerMapping - Mapped "{[/error]}" onto public org.springframework.http.ResponseEntity<java.util.Map<java.lang.String, java.lang.Object>> org.springframework.boot.autoconfigure.web.BasicErrorController.error(javax.servlet.http.HttpServletRequest)
2017-11-05 09:42:14.192 [main] INFO  org.springframework.web.servlet.mvc.method.annotation.RequestMappingHandlerMapping - Mapped "{[/error],produces=[text/html]}" onto public org.springframework.web.servlet.ModelAndView org.springframework.boot.autoconfigure.web.BasicErrorController.errorHtml(javax.servlet.http.HttpServletRequest,javax.servlet.http.HttpServletResponse)
2017-11-05 09:42:14.243 [main] INFO  org.springframework.web.servlet.handler.SimpleUrlHandlerMapping - Mapped URL path [/static/resource/**] onto handler of type [class org.springframework.web.servlet.resource.ResourceHttpRequestHandler]
2017-11-05 09:42:14.250 [main] INFO  org.springframework.web.servlet.handler.SimpleUrlHandlerMapping - Mapped URL path [/webjars/**] onto handler of type [class org.springframework.web.servlet.resource.ResourceHttpRequestHandler]
2017-11-05 09:42:14.256 [main] INFO  org.springframework.web.servlet.handler.SimpleUrlHandlerMapping - Mapped URL path [/**] onto handler of type [class org.springframework.web.servlet.resource.ResourceHttpRequestHandler]
2017-11-05 09:42:14.336 [main] INFO  org.springframework.web.servlet.handler.SimpleUrlHandlerMapping - Mapped URL path [/**/favicon.ico] onto handler of type [class org.springframework.web.servlet.resource.ResourceHttpRequestHandler]
2017-11-05 09:42:14.862 [main] INFO  com.boot.web.WebApplicationTests - Started WebApplicationTests in 24.856 seconds (JVM running for 25.799)
2017-11-05 09:42:14.930 [Thread-5] INFO  org.springframework.web.context.support.GenericWebApplicationContext - Closing org.springframework.web.context.support.GenericWebApplicationContext@479460a6: startup date [Sun Nov 05 09:42:06 CST 2017]; root of context hierarchy
